0 info it worked if it ends with ok
1 verbose cli [ '/home/fazliddin/.nvm/versions/io.js/v1.8.4/bin/iojs',
1 verbose cli   '/home/fazliddin/.nvm/versions/io.js/v1.8.4/bin/npm',
1 verbose cli   'run',
1 verbose cli   'dev' ]
2 info using npm@2.9.0
3 info using node@v1.8.4
4 verbose run-script [ 'predev', 'dev', 'postdev' ]
5 info predev server@1.0.0
6 info dev server@1.0.0
7 verbose unsafe-perm in lifecycle true
8 info server@1.0.0 Failed to exec dev script
9 verbose stack Error: server@1.0.0 dev: `nodemon src/index.js`
9 verbose stack Exit status 1
9 verbose stack     at EventEmitter.<anonymous> (/home/fazliddin/.nvm/versions/io.js/v1.8.4/lib/node_modules/npm/lib/utils/lifecycle.js:213:16)
9 verbose stack     at emitTwo (events.js:87:13)
9 verbose stack     at EventEmitter.emit (events.js:169:7)
9 verbose stack     at ChildProcess.<anonymous> (/home/fazliddin/.nvm/versions/io.js/v1.8.4/lib/node_modules/npm/lib/utils/spawn.js:24:14)
9 verbose stack     at emitTwo (events.js:87:13)
9 verbose stack     at ChildProcess.emit (events.js:169:7)
9 verbose stack     at maybeClose (child_process.js:953:16)
9 verbose stack     at Process.ChildProcess._handle.onexit (child_process.js:1020:5)
10 verbose pkgid server@1.0.0
11 verbose cwd /home/fazliddin/Desktop/projects/fazliddin.dev/server
12 error Linux 5.15.0-100-generic
13 error argv "/home/fazliddin/.nvm/versions/io.js/v1.8.4/bin/iojs" "/home/fazliddin/.nvm/versions/io.js/v1.8.4/bin/npm" "run" "dev"
14 error node v1.8.4
15 error npm  v2.9.0
16 error code ELIFECYCLE
17 error server@1.0.0 dev: `nodemon src/index.js`
17 error Exit status 1
18 error Failed at the server@1.0.0 dev script 'nodemon src/index.js'.
18 error This is most likely a problem with the server package,
18 error not with npm itself.
18 error Tell the author that this fails on your system:
18 error     nodemon src/index.js
18 error You can get their info via:
18 error     npm owner ls server
18 error There is likely additional logging output above.
19 verbose exit [ 1, true ]
